TN:
SF:server/controllers/configController.js
FN:24,(anonymous_0)
FN:30,(anonymous_1)
FNF:2
FNH:2
FNDA:2,(anonymous_0)
FNDA:2,(anonymous_1)
DA:1,2
DA:3,2
DA:24,2
DA:25,2
DA:26,1
DA:29,2
DA:30,2
DA:31,2
DA:32,2
DA:33,2
DA:34,2
DA:35,2
DA:39,2
DA:40,2
DA:41,2
DA:46,2
DA:53,2
DA:54,1
DA:56,1
DA:60,2
LF:20
LH:20
BRF:0
BRH:0
end_of_record
TN:
SF:server/controllers/kubeController.js
FN:8,getPods
FN:11,(anonymous_1)
FN:19,deletePod
FNF:3
FNH:1
FNDA:0,getPods
FNDA:0,(anonymous_1)
FNDA:2,deletePod
DA:1,1
DA:3,1
DA:4,1
DA:6,1
DA:9,0
DA:10,0
DA:11,0
DA:12,0
DA:15,0
DA:20,2
DA:21,2
DA:23,1
DA:27,1
LF:13
LH:8
BRF:0
BRH:0
end_of_record
TN:
SF:server/controllers/prometheusController.js
FN:12,(anonymous_0)
FN:46,(anonymous_1)
FN:51,(anonymous_2)
FN:72,(anonymous_3)
FN:76,(anonymous_4)
FNF:5
FNH:3
FNDA:3,(anonymous_0)
FNDA:2,(anonymous_1)
FNDA:2,(anonymous_2)
FNDA:0,(anonymous_3)
FNDA:0,(anonymous_4)
DA:1,1
DA:2,1
DA:3,1
DA:4,1
DA:6,1
DA:8,1
DA:10,1
DA:12,1
DA:13,3
DA:14,3
DA:15,0
DA:16,0
DA:18,3
DA:19,3
DA:23,3
DA:24,2
DA:28,2
DA:29,1
DA:31,2
DA:32,1
DA:36,1
DA:37,1
DA:40,2
DA:42,1
DA:46,1
DA:47,2
DA:48,2
DA:49,2
DA:50,2
DA:51,2
DA:52,2
DA:56,1
DA:64,1
DA:68,0
DA:72,1
DA:74,0
DA:76,1
DA:77,1
LF:38
LH:34
BRDA:14,0,0,0
BRDA:14,0,1,3
BRDA:23,1,0,2
BRDA:23,1,1,1
BRDA:31,2,0,1
BRDA:31,2,1,1
BRDA:49,3,0,2
BRDA:49,3,1,0
BRDA:52,4,0,1
BRDA:52,4,1,1
BRDA:53,5,0,2
BRDA:53,5,1,1
BRF:12
BRH:10
end_of_record
